<<<<<<< HEAD
2021-11-25 14:58:02 FATAL 142 233 :885 - Key = fb.comHop Count Value:2
2021-11-25 14:58:02 FATAL 75 188 :885 - Key = facebook.comHop Count Value:2
2021-11-25 14:58:03 FATAL 182 194 :885 - Key = facebook.comHop Count Value:2
=======
2021-11-25 03:29:41 FATAL 61 146 :885 - Key = fb.comHop Count Value:2
2021-11-25 03:29:41 FATAL 61 146 :885 - Key = facebook.comHop Count Value:2
2021-11-25 03:29:42 FATAL 123 8 :885 - Key = facebook.comHop Count Value:1
2021-11-25 15:17:34 FATAL 142 233 :885 - Key = fb.comHop Count Value:2
2021-11-25 15:17:34 FATAL 142 233 :885 - Key = facebook.comHop Count Value:1
2021-11-25 15:17:35 FATAL 62 151 :885 - Key = facebook.comHop Count Value:2
2021-11-25 15:25:46 FATAL 75 188 :885 - Key = fb.comHop Count Value:2
2021-11-25 15:25:46 FATAL 61 146 :885 - Key = facebook.comHop Count Value:2
2021-11-25 15:25:47 FATAL 181 6 :885 - Key = facebook.comHop Count Value:2
2021-11-25 15:28:30 FATAL 178 85 :885 - Key = fb.comHop Count Value:2
2021-11-25 15:28:30 FATAL 178 85 :885 - Key = facebook.comHop Count Value:2
2021-11-25 15:28:31 FATAL 154 156 :885 - Key = facebook.comHop Count Value:2
2021-11-25 15:31:54 FATAL 178 85 :885 - Key = fb.comHop Count Value:2
2021-11-25 15:31:54 FATAL 178 85 :885 - Key = facebook.comHop Count Value:2
2021-11-25 15:31:54 FATAL 154 156 :885 - Key = facebook.comHop Count Value:2
2021-11-25 15:37:49 FATAL 142 233 :885 - Key = fb.comHop Count Value:2
2021-11-25 15:37:49 FATAL 142 233 :885 - Key = facebook.comHop Count Value:1
2021-11-25 15:37:50 FATAL 154 156 :885 - Key = facebook.comHop Count Value:2
<<<<<<< HEAD
2021-11-25 16:30:55 FATAL 75 188 :885 - Key = fb.comHop Count Value:2
2021-11-25 16:30:55 FATAL 75 188 :885 - Key = facebook.comHop Count Value:2
2021-11-25 16:30:56 FATAL 37 235 :885 - Key = facebook.comHop Count Value:2
2021-11-25 16:33:05 FATAL 75 188 :885 - Key = fb.comHop Count Value:2
2021-11-25 16:33:05 FATAL 75 188 :885 - Key = facebook.comHop Count Value:2
2021-11-25 16:33:06 FATAL 37 235 :885 - Key = facebook.comHop Count Value:2
2021-11-25 16:33:46 FATAL 75 188 :885 - Key = fb.comHop Count Value:2
2021-11-25 16:33:46 FATAL 75 188 :885 - Key = facebook.comHop Count Value:2
2021-11-25 16:33:46 FATAL 30 152 :885 - Key = facebook.comHop Count Value:2
2021-11-25 16:34:58 FATAL 75 188 :885 - Key = fb.comHop Count Value:2
2021-11-25 16:34:58 FATAL 75 188 :885 - Key = facebook.comHop Count Value:2
2021-11-25 16:34:59 FATAL 154 156 :885 - Key = facebook.comHop Count Value:2
=======
>>>>>>> branch 'LEVEL_3_DNS' of https://github.com/revanthsai87/CHORD-DHT-BASED-DNS-IMPLEMENTATION.git
>>>>>>> branch 'LEVEL_3_DNS' of https://github.com/revanthsai87/CHORD-DHT-BASED-DNS-IMPLEMENTATION.git
2021-11-25 19:50:50 FATAL 60.:885 - Key = fb.comHop Count Value:1
2021-11-25 19:50:50 FATAL 60.:885 - Key = facebook.comHop Count Value:2
2021-11-25 19:50:51 FATAL 156.:885 - Key = facebook.comHop Count Value:2
2021-11-25 19:55:53 FATAL 108.:885 - Key = fb.comHop Count Value:2
2021-11-25 19:55:53 FATAL 108.:885 - Key = facebook.comHop Count Value:2
2021-11-25 19:55:54 FATAL 152.:885 - Key = facebook.comHop Count Value:2
2021-11-25 21:24:18 FATAL 108.:885 - Key = fb.comHop Count Value:2
2021-11-25 21:24:18 FATAL 108.:885 - Key = facebook.comHop Count Value:2
2021-11-25 21:24:19 FATAL 152.:885 - Key = facebook.comHop Count Value:2
2021-11-25 21:33:11 FATAL 108.:885 - Key = fb.comHop Count Value:2
2021-11-25 21:33:11 FATAL 108.:885 - Key = facebook.comHop Count Value:2
2021-11-25 21:33:11 FATAL 153.:885 - Key = facebook.comHop Count Value:2
2021-11-25 21:34:03 FATAL 188.:885 - Key = fb.comHop Count Value:2
2021-11-25 21:34:03 FATAL 108.:885 - Key = facebook.comHop Count Value:2
2021-11-25 21:34:04 FATAL 152.:885 - Key = facebook.comHop Count Value:2
2021-11-26 00:12:39 FATAL 85.:885 - Key = fb.comHop Count Value:2
2021-11-26 00:12:39 FATAL 85.:885 - Key = facebook.comHop Count Value:2
2021-11-26 00:12:39 FATAL 235.:885 - Key = facebook.comHop Count Value:2
2021-11-26 00:13:32 FATAL 85.:885 - Key = ebay.comHop Count Value:1
2021-11-26 00:13:32 FATAL 113.:885 - Key = ebay.comHop Count Value:2
2021-11-26 00:33:35 FATAL 191 82 :885 - Key = ebay.comHop Count Value:2
2021-11-26 00:33:35 FATAL 15 199 :885 - Key = ebay.comHop Count Value:2
2021-11-26 00:37:57 FATAL 61 146 :885 - Key = ebay.comHop Count Value:2
2021-11-26 00:37:57 FATAL 15 199 :885 - Key = ebay.comHop Count Value:2
2021-11-26 00:41:29 FATAL 68 108 :885 - Key = ebay.comHop Count Value:2
2021-11-26 00:41:29 FATAL 35 113 :885 - Key = ebay.comHop Count Value:2
2021-11-26 00:42:46 FATAL 191 82 :885 - Key = ebay.comHop Count Value:2
2021-11-26 00:42:46 FATAL 15 199 :885 - Key = ebay.comHop Count Value:2
2021-11-26 00:43:21 FATAL 191 82 :885 - Key = fb.comHop Count Value:2
2021-11-26 00:43:21 FATAL 191 82 :885 - Key = facebook.comHop Count Value:2
2021-11-26 00:43:21 FATAL 15 199 :885 - Key = facebook.comHop Count Value:2
2021-11-26 00:43:51 FATAL 181 6 :885 - Key = bsc.eduHop Count Value:2
2021-11-26 00:43:51 FATAL 218 132 :885 - Key = bsc.eduHop Count Value:2
2021-11-26 00:45:02 FATAL 208 16 :885 - Key = isprs.orgHop Count Value:2
2021-11-26 00:45:02 FATAL 156 99 :885 - Key = isprs.orgHop Count Value:2
2021-11-26 00:45:29 FATAL 60 217 :885 - Key = vixmncc.netHop Count Value:2
2021-11-26 00:48:06 FATAL 191 82 :885 - Key = xyz.comHop Count Value:2
2021-11-26 00:48:36 FATAL 163 234 :885 - Key = ydwzvcypnq.inHop Count Value:2
2021-11-26 00:48:36 FATAL 156 99 :885 - Key = ydwzvcypnq.inHop Count Value:2
2021-11-26 00:48:56 FATAL 163 234 :885 - Key = szzgiu.inHop Count Value:2
2021-11-26 00:56:39 FATAL 68 108 :885 - Key = fb.comHop Count Value:2
2021-11-26 00:56:39 FATAL 68 108 :885 - Key = facebook.comHop Count Value:2
2021-11-26 00:56:39 FATAL 15 199 :885 - Key = facebook.comHop Count Value:2
2021-11-26 00:57:23 FATAL 75 188 :885 - Key = amazon.comHop Count Value:2
2021-11-26 00:57:23 FATAL 35 113 :885 - Key = amazon.comHop Count Value:2
2021-11-26 01:03:10 FATAL 191 82 :885 - Key = fb.comHop Count Value:2
2021-11-26 01:03:10 FATAL 191 82 :885 - Key = facebook.comHop Count Value:2
2021-11-26 01:03:10 FATAL 253 235 :885 - Key = facebook.comHop Count Value:2
2021-11-26 01:03:24 FATAL 191 82 :885 - Key = amazon.comHop Count Value:2
2021-11-26 01:03:24 FATAL 253 235 :885 - Key = amazon.comHop Count Value:2
2021-11-26 01:03:48 FATAL 60 217 :885 - Key = iprs.netHop Count Value:2
2021-11-26 01:04:06 FATAL 191 82 :885 - Key = faasos.comHop Count Value:2
2021-11-26 01:04:06 FATAL 201 35 :885 - Key = faasos.comHop Count Value:2
2021-11-26 01:04:18 FATAL 30 152 :885 - Key = anc.eduHop Count Value:2
2021-11-26 01:04:18 FATAL 201 35 :885 - Key = anc.eduHop Count Value:1
2021-11-26 01:04:30 FATAL 120 184 :885 - Key = bsh.orgHop Count Value:2
2021-11-26 01:04:30 FATAL 201 35 :885 - Key = bsh.orgHop Count Value:2
2021-11-26 01:05:04 FATAL 120 184 :885 - Key = aii.orgHop Count Value:2
2021-11-26 01:05:04 FATAL 201 35 :885 - Key = aii.orgHop Count Value:2
2021-11-26 01:05:30 FATAL 75 188 :885 - Key = facebook.comHop Count Value:2
2021-11-26 01:05:30 FATAL 253 235 :885 - Key = facebook.comHop Count Value:2
2021-11-26 01:08:42 FATAL 30 152 :885 - Key = hsu.eduHop Count Value:2
2021-11-26 01:08:42 FATAL 201 35 :885 - Key = hsu.eduHop Count Value:2
2021-11-26 01:09:06 FATAL 120 184 :885 - Key = sopac.orgHop Count Value:2
2021-11-26 01:09:06 FATAL 201 35 :885 - Key = sopac.orgHop Count Value:2
2021-11-26 01:26:51 FATAL 191 82 :885 - Key = amazon.comHop Count Value:2
2021-11-26 01:26:51 FATAL 15 199 :885 - Key = amazon.comHop Count Value:2
2021-11-26 01:35:03 FATAL 191 82 :885 - Key = facebook.comHop Count Value:2
2021-11-26 01:35:03 FATAL 15 199 :885 - Key = facebook.comHop Count Value:2
2021-11-26 01:35:18 FATAL 127 12 :885 - Key = bsc.eduHop Count Value:2
2021-11-26 01:35:18 FATAL 218 132 :885 - Key = bsc.eduHop Count Value:2
2021-11-26 01:35:58 FATAL 118 26 :885 - Key = cvqjkzjkrg.netHop Count Value:2
2021-11-26 01:35:58 FATAL 153 197 :885 - Key = cvqjkzjkrg.netHop Count Value:2
2021-11-26 01:36:37 FATAL 15 48 :885 - Key = arcticportal.orgHop Count Value:2
2021-11-26 01:36:37 FATAL 146 249 :885 - Key = arcticportal.orgHop Count Value:2
2021-11-26 01:37:49 FATAL 191 82 :885 - Key = mai.google.comHop Count Value:2
2021-11-26 01:38:02 FATAL 102 234 :885 - Key = mail.google.comHop Count Value:2
2021-11-26 01:38:34 FATAL 110 62 :885 - Key = mail.amazon.inHop Count Value:2
2021-11-26 01:39:30 FATAL 102 234 :885 - Key = mail.go.comHop Count Value:2
2021-11-26 01:40:47 FATAL 178 133 :885 - Key = wrwggodtyl.inHop Count Value:2
2021-11-26 01:41:19 FATAL 178 133 :885 - Key = wrwggudtyl.inHop Count Value:2
2021-11-26 01:41:19 FATAL 51 46 :885 - Key = wrwggudtyl.inHop Count Value:2
2021-11-26 01:42:26 FATAL 178 133 :885 - Key = vixvix.inHop Count Value:2
2021-11-26 01:42:38 FATAL 191 82 :885 - Key = ml.comHop Count Value:2
2021-11-26 01:48:18 FATAL 68 108 :885 - Key = fb.comHop Count Value:2
2021-11-26 01:48:18 FATAL 68 108 :885 - Key = facebook.comHop Count Value:2
2021-11-26 01:48:18 FATAL 15 199 :885 - Key = facebook.comHop Count Value:2
